{"/Users/davidramos/Work/projectos/disc/disc-app/src/__mocks__/testData.js": {"path":"/Users/davidramos/Work/projectos/disc/disc-app/src/__mocks__/testData.js","statementMap":{"0":{"start":{"line":24,"column":2},"end":{"line":48,"column":null}},"1":{"start":{"line":58,"column":31},"end":{"line":129,"column":null}},"2":{"start":{"line":70,"column":6},"end":{"line":70,"column":null}},"3":{"start":{"line":84,"column":6},"end":{"line":84,"column":null}},"4":{"start":{"line":98,"column":6},"end":{"line":98,"column":null}},"5":{"start":{"line":112,"column":6},"end":{"line":112,"column":null}},"6":{"start":{"line":126,"column":6},"end":{"line":126,"column":null}},"7":{"start":{"line":135,"column":34},"end":{"line":228,"column":null}},"8":{"start":{"line":233,"column":25},"end":{"line":274,"column":null}}},"fnMap":{"0":{"name":"extractAnswers","decl":{"start":{"line":23,"column":9},"end":{"line":23,"column":23}},"loc":{"start":{"line":23,"column":52},"end":{"line":49,"column":null}},"line":23},"1":{"name":"(anonymous_1)","decl":{"start":{"line":69,"column":8},"end":{"line":69,"column":15}},"loc":{"start":{"line":69,"column":18},"end":{"line":71,"column":null}},"line":69},"2":{"name":"(anonymous_2)","decl":{"start":{"line":83,"column":8},"end":{"line":83,"column":15}},"loc":{"start":{"line":83,"column":18},"end":{"line":85,"column":null}},"line":83},"3":{"name":"(anonymous_3)","decl":{"start":{"line":97,"column":8},"end":{"line":97,"column":15}},"loc":{"start":{"line":97,"column":18},"end":{"line":99,"column":null}},"line":97},"4":{"name":"(anonymous_4)","decl":{"start":{"line":111,"column":8},"end":{"line":111,"column":15}},"loc":{"start":{"line":111,"column":18},"end":{"line":113,"column":null}},"line":111},"5":{"name":"(anonymous_5)","decl":{"start":{"line":125,"column":8},"end":{"line":125,"column":15}},"loc":{"start":{"line":125,"column":18},"end":{"line":127,"column":null}},"line":125}},"branchMap":{},"s":{"0":20,"1":1,"2":4,"3":4,"4":4,"5":4,"6":4,"7":1,"8":1},"f":{"0":20,"1":4,"2":4,"3":4,"4":4,"5":4},"b":{},"meta":{"lastBranch":0,"lastFunction":6,"lastStatement":9,"seen":{"f:23:9:23:23":0,"s:24:2:48:Infinity":0,"s:58:31:129:Infinity":1,"f:69:8:69:15":1,"s:70:6:70:Infinity":2,"f:83:8:83:15":2,"s:84:6:84:Infinity":3,"f:97:8:97:15":3,"s:98:6:98:Infinity":4,"f:111:8:111:15":4,"s:112:6:112:Infinity":5,"f:125:8:125:15":5,"s:126:6:126:Infinity":6,"s:135:34:228:Infinity":7,"s:233:25:274:Infinity":8}}}
,"/Users/davidramos/Work/projectos/disc/disc-app/src/data/questions.js": {"path":"/Users/davidramos/Work/projectos/disc/disc-app/src/data/questions.js","statementMap":{"0":{"start":{"line":4,"column":25},"end":{"line":92,"column":null}},"1":{"start":{"line":95,"column":29},"end":{"line":101,"column":null}},"2":{"start":{"line":104,"column":32},"end":{"line":177,"column":null}}},"fnMap":{},"branchMap":{},"s":{"0":1,"1":1,"2":1},"f":{},"b":{},"meta":{"lastBranch":0,"lastFunction":0,"lastStatement":3,"seen":{"s:4:25:92:Infinity":0,"s:95:29:101:Infinity":1,"s:104:32:177:Infinity":2}}}
,"/Users/davidramos/Work/projectos/disc/disc-app/src/utils/scoring.js": {"path":"/Users/davidramos/Work/projectos/disc/disc-app/src/utils/scoring.js","statementMap":{"0":{"start":{"line":10,"column":17},"end":{"line":15,"column":null}},"1":{"start":{"line":18,"column":2},"end":{"line":23,"column":null}},"2":{"start":{"line":19,"column":19},"end":{"line":19,"column":null}},"3":{"start":{"line":20,"column":4},"end":{"line":22,"column":null}},"4":{"start":{"line":21,"column":6},"end":{"line":21,"column":null}},"5":{"start":{"line":25,"column":2},"end":{"line":25,"column":null}},"6":{"start":{"line":35,"column":30},"end":{"line":35,"column":null}},"7":{"start":{"line":36,"column":30},"end":{"line":36,"column":31}},"8":{"start":{"line":38,"column":22},"end":{"line":38,"column":null}},"9":{"start":{"line":40,"column":2},"end":{"line":45,"column":null}},"10":{"start":{"line":42,"column":28},"end":{"line":42,"column":null}},"11":{"start":{"line":43,"column":26},"end":{"line":43,"column":null}},"12":{"start":{"line":44,"column":4},"end":{"line":44,"column":null}},"13":{"start":{"line":47,"column":2},"end":{"line":47,"column":null}},"14":{"start":{"line":56,"column":17},"end":{"line":56,"column":null}},"15":{"start":{"line":57,"column":20},"end":{"line":57,"column":null}},"16":{"start":{"line":59,"column":2},"end":{"line":64,"column":null}},"17":{"start":{"line":60,"column":4},"end":{"line":63,"column":null}},"18":{"start":{"line":61,"column":6},"end":{"line":61,"column":null}},"19":{"start":{"line":62,"column":6},"end":{"line":62,"column":null}},"20":{"start":{"line":66,"column":2},"end":{"line":66,"column":null}},"21":{"start":{"line":75,"column":2},"end":{"line":77,"column":null}},"22":{"start":{"line":76,"column":29},"end":{"line":76,"column":44}},"23":{"start":{"line":77,"column":20},"end":{"line":77,"column":37}},"24":{"start":{"line":86,"column":2},"end":{"line":86,"column":null}},"25":{"start":{"line":95,"column":17},"end":{"line":95,"column":null}},"26":{"start":{"line":96,"column":22},"end":{"line":96,"column":null}},"27":{"start":{"line":97,"column":22},"end":{"line":97,"column":null}},"28":{"start":{"line":98,"column":22},"end":{"line":98,"column":null}},"29":{"start":{"line":99,"column":29},"end":{"line":99,"column":null}},"30":{"start":{"line":101,"column":2},"end":{"line":108,"column":null}},"31":{"start":{"line":117,"column":2},"end":{"line":117,"column":null}},"32":{"start":{"line":117,"column":30},"end":{"line":117,"column":83}},"33":{"start":{"line":126,"column":2},"end":{"line":126,"column":null}},"34":{"start":{"line":126,"column":44},"end":{"line":126,"column":73}},"35":{"start":{"line":134,"column":2},"end":{"line":134,"column":null}}},"fnMap":{"0":{"name":"calculateScores","decl":{"start":{"line":8,"column":16},"end":{"line":8,"column":31}},"loc":{"start":{"line":8,"column":41},"end":{"line":26,"column":null}},"line":8},"1":{"name":"(anonymous_1)","decl":{"start":{"line":18,"column":20},"end":{"line":18,"column":28}},"loc":{"start":{"line":18,"column":32},"end":{"line":23,"column":3}},"line":18},"2":{"name":"calculatePercentages","decl":{"start":{"line":33,"column":16},"end":{"line":33,"column":36}},"loc":{"start":{"line":33,"column":45},"end":{"line":48,"column":null}},"line":33},"3":{"name":"getPrimaryType","decl":{"start":{"line":55,"column":16},"end":{"line":55,"column":30}},"loc":{"start":{"line":55,"column":39},"end":{"line":67,"column":null}},"line":55},"4":{"name":"getTypesByScore","decl":{"start":{"line":74,"column":16},"end":{"line":74,"column":31}},"loc":{"start":{"line":74,"column":40},"end":{"line":78,"column":null}},"line":74},"5":{"name":"(anonymous_5)","decl":{"start":{"line":76,"column":9},"end":{"line":76,"column":10}},"loc":{"start":{"line":76,"column":29},"end":{"line":76,"column":44}},"line":76},"6":{"name":"(anonymous_6)","decl":{"start":{"line":77,"column":10},"end":{"line":77,"column":11}},"loc":{"start":{"line":77,"column":20},"end":{"line":77,"column":37}},"line":77},"7":{"name":"getTypeDescription","decl":{"start":{"line":85,"column":16},"end":{"line":85,"column":34}},"loc":{"start":{"line":85,"column":41},"end":{"line":87,"column":null}},"line":85},"8":{"name":"getCompleteResults","decl":{"start":{"line":94,"column":16},"end":{"line":94,"column":34}},"loc":{"start":{"line":94,"column":44},"end":{"line":109,"column":null}},"line":94},"9":{"name":"isTestComplete","decl":{"start":{"line":116,"column":16},"end":{"line":116,"column":30}},"loc":{"start":{"line":116,"column":40},"end":{"line":118,"column":null}},"line":116},"10":{"name":"(anonymous_10)","decl":{"start":{"line":117,"column":25},"end":{"line":117,"column":26}},"loc":{"start":{"line":117,"column":30},"end":{"line":117,"column":83}},"line":117},"11":{"name":"getAnsweredCount","decl":{"start":{"line":125,"column":16},"end":{"line":125,"column":32}},"loc":{"start":{"line":125,"column":42},"end":{"line":127,"column":null}},"line":125},"12":{"name":"(anonymous_12)","decl":{"start":{"line":126,"column":39},"end":{"line":126,"column":40}},"loc":{"start":{"line":126,"column":44},"end":{"line":126,"column":73}},"line":126},"13":{"name":"getTotalQuestions","decl":{"start":{"line":133,"column":16},"end":{"line":133,"column":33}},"loc":{"start":{"line":133,"column":36},"end":{"line":135,"column":null}},"line":133}},"branchMap":{"0":{"loc":{"start":{"line":20,"column":4},"end":{"line":22,"column":null}},"type":"if","locations":[{"start":{"line":20,"column":4},"end":{"line":22,"column":null}},{"start":{},"end":{}}],"line":20},"1":{"loc":{"start":{"line":20,"column":8},"end":{"line":20,"column":47}},"type":"binary-expr","locations":[{"start":{"line":20,"column":8},"end":{"line":20,"column":28}},{"start":{"line":20,"column":32},"end":{"line":20,"column":47}}],"line":20},"2":{"loc":{"start":{"line":60,"column":4},"end":{"line":63,"column":null}},"type":"if","locations":[{"start":{"line":60,"column":4},"end":{"line":63,"column":null}},{"start":{},"end":{}}],"line":60},"3":{"loc":{"start":{"line":86,"column":9},"end":{"line":86,"column":null}},"type":"binary-expr","locations":[{"start":{"line":86,"column":9},"end":{"line":86,"column":31}},{"start":{"line":86,"column":35},"end":{"line":86,"column":null}}],"line":86},"4":{"loc":{"start":{"line":117,"column":30},"end":{"line":117,"column":83}},"type":"binary-expr","locations":[{"start":{"line":117,"column":30},"end":{"line":117,"column":57}},{"start":{"line":117,"column":61},"end":{"line":117,"column":83}}],"line":117},"5":{"loc":{"start":{"line":126,"column":44},"end":{"line":126,"column":73}},"type":"binary-expr","locations":[{"start":{"line":126,"column":44},"end":{"line":126,"column":59}},{"start":{"line":126,"column":63},"end":{"line":126,"column":73}}],"line":126}},"s":{"0":40,"1":40,"2":640,"3":640,"4":622,"5":40,"6":9,"7":9,"8":9,"9":9,"10":36,"11":36,"12":36,"13":9,"14":16,"15":16,"16":16,"17":64,"18":37,"19":37,"20":16,"21":8,"22":32,"23":35,"24":11,"25":6,"26":6,"27":6,"28":6,"29":6,"30":6,"31":3,"32":26,"33":3,"34":24,"35":1},"f":{"0":40,"1":640,"2":9,"3":16,"4":8,"5":32,"6":35,"7":11,"8":6,"9":3,"10":26,"11":3,"12":24,"13":1},"b":{"0":[622,18],"1":[640,623],"2":[37,27],"3":[11,1],"4":[26,24],"5":[24,24]},"meta":{"lastBranch":6,"lastFunction":14,"lastStatement":36,"seen":{"f:8:16:8:31":0,"s:10:17:15:Infinity":0,"s:18:2:23:Infinity":1,"f:18:20:18:28":1,"s:19:19:19:Infinity":2,"b:20:4:22:Infinity:undefined:undefined:undefined:undefined":0,"s:20:4:22:Infinity":3,"b:20:8:20:28:20:32:20:47":1,"s:21:6:21:Infinity":4,"s:25:2:25:Infinity":5,"f:33:16:33:36":2,"s:35:30:35:Infinity":6,"s:36:30:36:31":7,"s:38:22:38:Infinity":8,"s:40:2:45:Infinity":9,"s:42:28:42:Infinity":10,"s:43:26:43:Infinity":11,"s:44:4:44:Infinity":12,"s:47:2:47:Infinity":13,"f:55:16:55:30":3,"s:56:17:56:Infinity":14,"s:57:20:57:Infinity":15,"s:59:2:64:Infinity":16,"b:60:4:63:Infinity:undefined:undefined:undefined:undefined":2,"s:60:4:63:Infinity":17,"s:61:6:61:Infinity":18,"s:62:6:62:Infinity":19,"s:66:2:66:Infinity":20,"f:74:16:74:31":4,"s:75:2:77:Infinity":21,"f:76:9:76:10":5,"s:76:29:76:44":22,"f:77:10:77:11":6,"s:77:20:77:37":23,"f:85:16:85:34":7,"s:86:2:86:Infinity":24,"b:86:9:86:31:86:35:86:Infinity":3,"f:94:16:94:34":8,"s:95:17:95:Infinity":25,"s:96:22:96:Infinity":26,"s:97:22:97:Infinity":27,"s:98:22:98:Infinity":28,"s:99:29:99:Infinity":29,"s:101:2:108:Infinity":30,"f:116:16:116:30":9,"s:117:2:117:Infinity":31,"f:117:25:117:26":10,"s:117:30:117:83":32,"b:117:30:117:57:117:61:117:83":4,"f:125:16:125:32":11,"s:126:2:126:Infinity":33,"f:126:39:126:40":12,"s:126:44:126:73":34,"b:126:44:126:59:126:63:126:73":5,"f:133:16:133:33":13,"s:134:2:134:Infinity":35}}}
}
